This is pdfTeX, Version 3.141592653-2.6-1.40.26 (MiKTeX 24.4) (preloaded format=pdflatex 2024.11.21)  3 DEC 2024 21:14
entering extended mode
 restricted \write18 enabled.
 %&-line parsing enabled.
**./main.tex
(main.tex
LaTeX2e <2024-11-01>
L3 programming layer <2024-11-02>
(/home/mohamed/.miktex/texmfs/install/tex/latex/beamer/beamer.cls
Document Class: beamer 2024/01/06 v3.71 A class for typesetting presentations
(/home/mohamed/.miktex/texmfs/install/tex/latex/beamer/beamerbasemodes.sty
(/home/mohamed/.miktex/texmfs/install/tex/latex/etoolbox/etoolbox.sty
Package: etoolbox 2020/10/05 v2.5k e-TeX tools for LaTeX (JAW)
\etb@tempcnta=\count196
)
\beamer@tempbox=\box52
\beamer@tempcount=\count197
\c@beamerpauses=\count198

(/home/mohamed/.miktex/texmfs/install/tex/latex/beamer/beamerbasedecode.sty
\beamer@slideinframe=\count199
\beamer@minimum=\count266
\beamer@decode@box=\box53
)
\beamer@commentbox=\box54
\beamer@modecount=\count267
)
(/home/mohamed/.miktex/texmfs/install/tex/generic/iftex/iftex.sty
Package: iftex 2022/02/03 v1.0f TeX engine tests
)
\headdp=\dimen141
\footheight=\dimen142
\sidebarheight=\dimen143
\beamer@tempdim=\dimen144
\beamer@finalheight=\dimen145
\beamer@animht=\dimen146
\beamer@animdp=\dimen147
\beamer@animwd=\dimen148
\beamer@leftmargin=\dimen149
\beamer@rightmargin=\dimen150
\beamer@leftsidebar=\dimen151
\beamer@rightsidebar=\dimen152
\beamer@boxsize=\dimen153
\beamer@vboxoffset=\dimen154
\beamer@descdefault=\dimen155
\beamer@descriptionwidth=\dimen156
\beamer@lastskip=\skip49
\beamer@areabox=\box55
\beamer@animcurrent=\box56
\beamer@animshowbox=\box57
\beamer@sectionbox=\box58
\beamer@logobox=\box59
\beamer@linebox=\box60
\beamer@sectioncount=\count268
\beamer@subsubsectionmax=\count269
\beamer@subsectionmax=\count270
\beamer@sectionmax=\count271
\beamer@totalheads=\count272
\beamer@headcounter=\count273
\beamer@partstartpage=\count274
\beamer@sectionstartpage=\count275
\beamer@subsectionstartpage=\count276
\beamer@animationtempa=\count277
\beamer@animationtempb=\count278
\beamer@xpos=\count279
\beamer@ypos=\count280
\beamer@ypos@offset=\count281
\beamer@showpartnumber=\count282
\beamer@currentsubsection=\count283
\beamer@coveringdepth=\count284
\beamer@sectionadjust=\count285
\beamer@toclastsection=\count286
\beamer@tocsectionnumber=\count287

(/home/mohamed/.miktex/texmfs/install/tex/latex/beamer/beamerbaseoptions.sty
(/home/mohamed/.miktex/texmfs/install/tex/latex/graphics/keyval.sty
Package: keyval 2022/05/29 v1.15 key=value parser (DPC)
\KV@toks@=\toks17
))
\beamer@paperwidth=\skip50
\beamer@paperheight=\skip51

(/home/mohamed/.miktex/texmfs/install/tex/latex/geometry/geometry.sty
Package: geometry 2020/01/02 v5.9 Page Geometry

(/home/mohamed/.miktex/texmfs/install/tex/generic/iftex/ifvtex.sty
Package: ifvtex 2019/10/25 v1.7 ifvtex legacy package. Use iftex instead.
)
\Gm@cnth=\count288
\Gm@cntv=\count289
\c@Gm@tempcnt=\count290
\Gm@bindingoffset=\dimen157
\Gm@wd@mp=\dimen158
\Gm@odd@mp=\dimen159
\Gm@even@mp=\dimen160
\Gm@layoutwidth=\dimen161
\Gm@layoutheight=\dimen162
\Gm@layouthoffset=\dimen163
\Gm@layoutvoffset=\dimen164
\Gm@dimlist=\toks18

(/home/mohamed/.miktex/texmfs/install/tex/latex/geometry/geometry.cfg))
(/home/mohamed/.miktex/texmfs/install/tex/latex/pgf/math/pgfmath.sty
(/home/mohamed/.miktex/texmfs/install/tex/latex/pgf/utilities/pgfrcs.sty
(/home/mohamed/.miktex/texmfs/install/tex/generic/pgf/utilities/pgfutil-common.
tex
\pgfutil@everybye=\toks19
\pgfutil@tempdima=\dimen165
\pgfutil@tempdimb=\dimen166
)
(/home/mohamed/.miktex/texmfs/install/tex/generic/pgf/utilities/pgfutil-latex.d
ef
\pgfutil@abb=\box61
)
(/home/mohamed/.miktex/texmfs/install/tex/generic/pgf/utilities/pgfrcs.code.tex
(/home/mohamed/.miktex/texmfs/install/tex/generic/pgf/pgf.revision.tex)
Package: pgfrcs 2023-01-15 v3.1.10 (3.1.10)
))
(/home/mohamed/.miktex/texmfs/install/tex/latex/pgf/utilities/pgfkeys.sty
(/home/mohamed/.miktex/texmfs/install/tex/generic/pgf/utilities/pgfkeys.code.te
x
\pgfkeys@pathtoks=\toks20
\pgfkeys@temptoks=\toks21

(/home/mohamed/.miktex/texmfs/install/tex/generic/pgf/utilities/pgfkeyslibraryf
iltered.code.tex
\pgfkeys@tmptoks=\toks22
)))
(/home/mohamed/.miktex/texmfs/install/tex/generic/pgf/math/pgfmath.code.tex
(/home/mohamed/.miktex/texmfs/install/tex/generic/pgf/math/pgfmathutil.code.tex
\pgf@x=\dimen167
\pgf@xa=\dimen168
\pgf@xb=\dimen169
\pgf@xc=\dimen170
\pgf@y=\dimen171
\pgf@ya=\dimen172
\pgf@yb=\dimen173
\pgf@yc=\dimen174
\c@pgf@counta=\count291
\c@pgf@countb=\count292
\c@pgf@countc=\count293
\c@pgf@countd=\count294
)
(/home/mohamed/.miktex/texmfs/install/tex/generic/pgf/math/pgfmathparser.code.t
ex
\pgfmath@dimen=\dimen175
\pgfmath@count=\count295
\pgfmath@box=\box62
\pgfmath@toks=\toks23
\pgfmath@stack@operand=\toks24
\pgfmath@stack@operation=\toks25
)
(/home/mohamed/.miktex/texmfs/install/tex/generic/pgf/math/pgfmathfunctions.cod
e.tex)
(/home/mohamed/.miktex/texmfs/install/tex/generic/pgf/math/pgfmathfunctions.bas
ic.code.tex)
(/home/mohamed/.miktex/texmfs/install/tex/generic/pgf/math/pgfmathfunctions.tri
gonometric.code.tex)
(/home/mohamed/.miktex/texmfs/install/tex/generic/pgf/math/pgfmathfunctions.ran
dom.code.tex)
(/home/mohamed/.miktex/texmfs/install/tex/generic/pgf/math/pgfmathfunctions.com
parison.code.tex)
(/home/mohamed/.miktex/texmfs/install/tex/generic/pgf/math/pgfmathfunctions.bas
e.code.tex)
(/home/mohamed/.miktex/texmfs/install/tex/generic/pgf/math/pgfmathfunctions.rou
nd.code.tex)
(/home/mohamed/.miktex/texmfs/install/tex/generic/pgf/math/pgfmathfunctions.mis
c.code.tex)
(/home/mohamed/.miktex/texmfs/install/tex/generic/pgf/math/pgfmathfunctions.int
egerarithmetics.code.tex)
(/home/mohamed/.miktex/texmfs/install/tex/generic/pgf/math/pgfmathcalc.code.tex
)
(/home/mohamed/.miktex/texmfs/install/tex/generic/pgf/math/pgfmathfloat.code.te
x
\c@pgfmathroundto@lastzeros=\count296
))) (/home/mohamed/.miktex/texmfs/install/tex/latex/base/size11.clo
File: size11.clo 2024/06/29 v1.4n Standard LaTeX file (size option)
)
(/home/mohamed/.miktex/texmfs/install/tex/latex/pgf/basiclayer/pgfcore.sty
(/home/mohamed/.miktex/texmfs/install/tex/latex/graphics/graphicx.sty
Package: graphicx 2021/09/16 v1.2d Enhanced LaTeX Graphics (DPC,SPQR)

(/home/mohamed/.miktex/texmfs/install/tex/latex/graphics/graphics.sty
Package: graphics 2024/08/06 v1.4g Standard LaTeX Graphics (DPC,SPQR)

(/home/mohamed/.miktex/texmfs/install/tex/latex/graphics/trig.sty
Package: trig 2023/12/02 v1.11 sin cos tan (DPC)
)
(/home/mohamed/.miktex/texmfs/install/tex/latex/graphics-cfg/graphics.cfg
File: graphics.cfg 2016/06/04 v1.11 sample graphics configuration
)
Package graphics Info: Driver file: pdftex.def on input line 106.

(/home/mohamed/.miktex/texmfs/install/tex/latex/graphics-def/pdftex.def
File: pdftex.def 2024/04/13 v1.2c Graphics/color driver for pdftex
))
\Gin@req@height=\dimen176
\Gin@req@width=\dimen177
)
(/home/mohamed/.miktex/texmfs/install/tex/latex/pgf/systemlayer/pgfsys.sty
(/home/mohamed/.miktex/texmfs/install/tex/generic/pgf/systemlayer/pgfsys.code.t
ex
Package: pgfsys 2023-01-15 v3.1.10 (3.1.10)
\pgf@x=\dimen178
\pgf@y=\dimen179
\pgf@xa=\dimen180
\pgf@ya=\dimen181
\pgf@xb=\dimen182
\pgf@yb=\dimen183
\pgf@xc=\dimen184
\pgf@yc=\dimen185
\pgf@xd=\dimen186
\pgf@yd=\dimen187
\w@pgf@writea=\write3
\r@pgf@reada=\read2
\c@pgf@counta=\count297
\c@pgf@countb=\count298
\c@pgf@countc=\count299
\c@pgf@countd=\count300
\t@pgf@toka=\toks26
\t@pgf@tokb=\toks27
\t@pgf@tokc=\toks28
\pgf@sys@id@count=\count301
 (/home/mohamed/.miktex/texmfs/install/tex/generic/pgf/systemlayer/pgf.cfg
File: pgf.cfg 2023-01-15 v3.1.10 (3.1.10)
)
Driver file for pgf: pgfsys-pdftex.def

(/home/mohamed/.miktex/texmfs/install/tex/generic/pgf/systemlayer/pgfsys-pdftex
.def
File: pgfsys-pdftex.def 2023-01-15 v3.1.10 (3.1.10)

(/home/mohamed/.miktex/texmfs/install/tex/generic/pgf/systemlayer/pgfsys-common
-pdf.def
File: pgfsys-common-pdf.def 2023-01-15 v3.1.10 (3.1.10)
)))
(/home/mohamed/.miktex/texmfs/install/tex/generic/pgf/systemlayer/pgfsyssoftpat
h.code.tex
File: pgfsyssoftpath.code.tex 2023-01-15 v3.1.10 (3.1.10)
\pgfsyssoftpath@smallbuffer@items=\count302
\pgfsyssoftpath@bigbuffer@items=\count303
)
(/home/mohamed/.miktex/texmfs/install/tex/generic/pgf/systemlayer/pgfsysprotoco
l.code.tex
File: pgfsysprotocol.code.tex 2023-01-15 v3.1.10 (3.1.10)
)) (/home/mohamed/.miktex/texmfs/install/tex/latex/xcolor/xcolor.sty
Package: xcolor 2024/09/29 v3.02 LaTeX color extensions (UK)

(/home/mohamed/.miktex/texmfs/install/tex/latex/graphics-cfg/color.cfg
File: color.cfg 2016/01/02 v1.6 sample color configuration
)
Package xcolor Info: Driver file: pdftex.def on input line 274.

(/home/mohamed/.miktex/texmfs/install/tex/latex/graphics/mathcolor.ltx)
Package xcolor Info: Model `cmy' substituted by `cmy0' on input line 1349.
Package xcolor Info: Model `hsb' substituted by `rgb' on input line 1353.
Package xcolor Info: Model `RGB' extended on input line 1365.
Package xcolor Info: Model `HTML' substituted by `rgb' on input line 1367.
Package xcolor Info: Model `Hsb' substituted by `hsb' on input line 1368.
Package xcolor Info: Model `tHsb' substituted by `hsb' on input line 1369.
Package xcolor Info: Model `HSB' substituted by `hsb' on input line 1370.
Package xcolor Info: Model `Gray' substituted by `gray' on input line 1371.
Package xcolor Info: Model `wave' substituted by `hsb' on input line 1372.
)
(/home/mohamed/.miktex/texmfs/install/tex/generic/pgf/basiclayer/pgfcore.code.t
ex
Package: pgfcore 2023-01-15 v3.1.10 (3.1.10)
 (/home/mohamed/.miktex/texmfs/install/tex/generic/pgf/math/pgfint.code.tex)
(/home/mohamed/.miktex/texmfs/install/tex/generic/pgf/basiclayer/pgfcorepoints.
code.tex
File: pgfcorepoints.code.tex 2023-01-15 v3.1.10 (3.1.10)
\pgf@picminx=\dimen188
\pgf@picmaxx=\dimen189
\pgf@picminy=\dimen190
\pgf@picmaxy=\dimen191
\pgf@pathminx=\dimen192
\pgf@pathmaxx=\dimen193
\pgf@pathminy=\dimen194
\pgf@pathmaxy=\dimen195
\pgf@xx=\dimen196
\pgf@xy=\dimen197
\pgf@yx=\dimen198
\pgf@yy=\dimen199
\pgf@zx=\dimen256
\pgf@zy=\dimen257
)
(/home/mohamed/.miktex/texmfs/install/tex/generic/pgf/basiclayer/pgfcorepathcon
struct.code.tex
File: pgfcorepathconstruct.code.tex 2023-01-15 v3.1.10 (3.1.10)
\pgf@path@lastx=\dimen258
\pgf@path@lasty=\dimen259
)
(/home/mohamed/.miktex/texmfs/install/tex/generic/pgf/basiclayer/pgfcorepathusa
ge.code.tex
File: pgfcorepathusage.code.tex 2023-01-15 v3.1.10 (3.1.10)
\pgf@shorten@end@additional=\dimen260
\pgf@shorten@start@additional=\dimen261
)
(/home/mohamed/.miktex/texmfs/install/tex/generic/pgf/basiclayer/pgfcorescopes.
code.tex
File: pgfcorescopes.code.tex 2023-01-15 v3.1.10 (3.1.10)
\pgfpic=\box63
\pgf@hbox=\box64
\pgf@layerbox@main=\box65
\pgf@picture@serial@count=\count304
)
(/home/mohamed/.miktex/texmfs/install/tex/generic/pgf/basiclayer/pgfcoregraphic
state.code.tex
File: pgfcoregraphicstate.code.tex 2023-01-15 v3.1.10 (3.1.10)
\pgflinewidth=\dimen262
)
(/home/mohamed/.miktex/texmfs/install/tex/generic/pgf/basiclayer/pgfcoretransfo
rmations.code.tex
File: pgfcoretransformations.code.tex 2023-01-15 v3.1.10 (3.1.10)
\pgf@pt@x=\dimen263
\pgf@pt@y=\dimen264
\pgf@pt@temp=\dimen265
)
(/home/mohamed/.miktex/texmfs/install/tex/generic/pgf/basiclayer/pgfcorequick.c
ode.tex
File: pgfcorequick.code.tex 2023-01-15 v3.1.10 (3.1.10)
)
(/home/mohamed/.miktex/texmfs/install/tex/generic/pgf/basiclayer/pgfcoreobjects
.code.tex
File: pgfcoreobjects.code.tex 2023-01-15 v3.1.10 (3.1.10)
)
(/home/mohamed/.miktex/texmfs/install/tex/generic/pgf/basiclayer/pgfcorepathpro
cessing.code.tex
File: pgfcorepathprocessing.code.tex 2023-01-15 v3.1.10 (3.1.10)
)
(/home/mohamed/.miktex/texmfs/install/tex/generic/pgf/basiclayer/pgfcorearrows.
code.tex
File: pgfcorearrows.code.tex 2023-01-15 v3.1.10 (3.1.10)
\pgfarrowsep=\dimen266
)
(/home/mohamed/.miktex/texmfs/install/tex/generic/pgf/basiclayer/pgfcoreshade.c
ode.tex
File: pgfcoreshade.code.tex 2023-01-15 v3.1.10 (3.1.10)
\pgf@max=\dimen267
\pgf@sys@shading@range@num=\count305
\pgf@shadingcount=\count306
)
(/home/mohamed/.miktex/texmfs/install/tex/generic/pgf/basiclayer/pgfcoreimage.c
ode.tex
File: pgfcoreimage.code.tex 2023-01-15 v3.1.10 (3.1.10)
)
(/home/mohamed/.miktex/texmfs/install/tex/generic/pgf/basiclayer/pgfcoreexterna
l.code.tex
File: pgfcoreexternal.code.tex 2023-01-15 v3.1.10 (3.1.10)
\pgfexternal@startupbox=\box66
)
(/home/mohamed/.miktex/texmfs/install/tex/generic/pgf/basiclayer/pgfcorelayers.
code.tex
File: pgfcorelayers.code.tex 2023-01-15 v3.1.10 (3.1.10)
)
(/home/mohamed/.miktex/texmfs/install/tex/generic/pgf/basiclayer/pgfcoretranspa
rency.code.tex
File: pgfcoretransparency.code.tex 2023-01-15 v3.1.10 (3.1.10)
)
(/home/mohamed/.miktex/texmfs/install/tex/generic/pgf/basiclayer/pgfcorepattern
s.code.tex
File: pgfcorepatterns.code.tex 2023-01-15 v3.1.10 (3.1.10)
)
(/home/mohamed/.miktex/texmfs/install/tex/generic/pgf/basiclayer/pgfcorerdf.cod
e.tex
File: pgfcorerdf.code.tex 2023-01-15 v3.1.10 (3.1.10)
)))
(/home/mohamed/.miktex/texmfs/install/tex/latex/pgf/utilities/xxcolor.sty
Package: xxcolor 2003/10/24 ver 0.1
\XC@nummixins=\count307
\XC@countmixins=\count308
)
(/home/mohamed/.miktex/texmfs/install/tex/latex/base/atbegshi-ltx.sty
Package: atbegshi-ltx 2021/01/10 v1.0c Emulation of the original atbegshi
package with kernel methods
)
(/home/mohamed/.miktex/texmfs/install/tex/latex/hyperref/hyperref.sty
Package: hyperref 2024-11-05 v7.01l Hypertext links for LaTeX

(/home/mohamed/.miktex/texmfs/install/tex/latex/kvsetkeys/kvsetkeys.sty
Package: kvsetkeys 2022-10-05 v1.19 Key value parser (HO)
)
(/home/mohamed/.miktex/texmfs/install/tex/generic/kvdefinekeys/kvdefinekeys.sty
Package: kvdefinekeys 2019-12-19 v1.6 Define keys (HO)
) (/home/mohamed/.miktex/texmfs/install/tex/generic/pdfescape/pdfescape.sty
Package: pdfescape 2019/12/09 v1.15 Implements pdfTeX's escape features (HO)

(/home/mohamed/.miktex/texmfs/install/tex/generic/ltxcmds/ltxcmds.sty
Package: ltxcmds 2023-12-04 v1.26 LaTeX kernel commands for general use (HO)
)
(/home/mohamed/.miktex/texmfs/install/tex/generic/pdftexcmds/pdftexcmds.sty
Package: pdftexcmds 2020-06-27 v0.33 Utility functions of pdfTeX for LuaTeX (HO
)

(/home/mohamed/.miktex/texmfs/install/tex/generic/infwarerr/infwarerr.sty
Package: infwarerr 2019/12/03 v1.5 Providing info/warning/error messages (HO)
)
Package pdftexcmds Info: \pdf@primitive is available.
Package pdftexcmds Info: \pdf@ifprimitive is available.
Package pdftexcmds Info: \pdfdraftmode found.
))
(/home/mohamed/.miktex/texmfs/install/tex/latex/hycolor/hycolor.sty
Package: hycolor 2020-01-27 v1.10 Color options for hyperref/bookmark (HO)
)
(/home/mohamed/.miktex/texmfs/install/tex/latex/hyperref/nameref.sty
Package: nameref 2023-11-26 v2.56 Cross-referencing by name of section

(/home/mohamed/.miktex/texmfs/install/tex/latex/refcount/refcount.sty
Package: refcount 2019/12/15 v3.6 Data extraction from label references (HO)
)
(/home/mohamed/.miktex/texmfs/install/tex/generic/gettitlestring/gettitlestring
.sty
Package: gettitlestring 2019/12/15 v1.6 Cleanup title references (HO)
 (/home/mohamed/.miktex/texmfs/install/tex/latex/kvoptions/kvoptions.sty
Package: kvoptions 2022-06-15 v3.15 Key value format for package options (HO)
))
\c@section@level=\count309
) (/home/mohamed/.miktex/texmfs/install/tex/generic/stringenc/stringenc.sty
Package: stringenc 2019/11/29 v1.12 Convert strings between diff. encodings (HO
)
)
\@linkdim=\dimen268
\Hy@linkcounter=\count310
\Hy@pagecounter=\count311

(/home/mohamed/.miktex/texmfs/install/tex/latex/hyperref/pd1enc.def
File: pd1enc.def 2024-11-05 v7.01l Hyperref: PDFDocEncoding definition (HO)
Now handling font encoding PD1 ...
... no UTF-8 mapping file for font encoding PD1
)
(/home/mohamed/.miktex/texmfs/install/tex/generic/intcalc/intcalc.sty
Package: intcalc 2019/12/15 v1.3 Expandable calculations with integers (HO)
)
\Hy@SavedSpaceFactor=\count312

(/home/mohamed/.miktex/texmfs/install/tex/latex/hyperref/puenc.def
File: puenc.def 2024-11-05 v7.01l Hyperref: PDF Unicode definition (HO)
Now handling font encoding PU ...
... no UTF-8 mapping file for font encoding PU
)
Package hyperref Info: Option `bookmarks' set `true' on input line 4040.
Package hyperref Info: Option `bookmarksopen' set `true' on input line 4040.
Package hyperref Info: Option `implicit' set `false' on input line 4040.
Package hyperref Info: Hyper figures OFF on input line 4157.
Package hyperref Info: Link nesting OFF on input line 4162.
Package hyperref Info: Hyper index ON on input line 4165.
Package hyperref Info: Plain pages OFF on input line 4172.
Package hyperref Info: Backreferencing OFF on input line 4177.
Package hyperref Info: Implicit mode OFF; no redefinition of LaTeX internals.
Package hyperref Info: Bookmarks ON on input line 4424.
\c@Hy@tempcnt=\count313

(/home/mohamed/.miktex/texmfs/install/tex/latex/url/url.sty
\Urlmuskip=\muskip17
Package: url 2013/09/16  ver 3.4  Verb mode for urls, etc.
)
LaTeX Info: Redefining \url on input line 4763.
\XeTeXLinkMargin=\dimen269

(/home/mohamed/.miktex/texmfs/install/tex/generic/bitset/bitset.sty
Package: bitset 2019/12/09 v1.3 Handle bit-vector datatype (HO)

(/home/mohamed/.miktex/texmfs/install/tex/generic/bigintcalc/bigintcalc.sty
Package: bigintcalc 2019/12/15 v1.5 Expandable calculations on big integers (HO
)
))
\Fld@menulength=\count314
\Field@Width=\dimen270
\Fld@charsize=\dimen271
Package hyperref Info: Hyper figures OFF on input line 6042.
Package hyperref Info: Link nesting OFF on input line 6047.
Package hyperref Info: Hyper index ON on input line 6050.
Package hyperref Info: backreferencing OFF on input line 6057.
Package hyperref Info: Link coloring OFF on input line 6062.
Package hyperref Info: Link coloring with OCG OFF on input line 6067.
Package hyperref Info: PDF/A mode OFF on input line 6072.
\Hy@abspage=\count315


Package hyperref Message: Stopped early.

)
Package hyperref Info: Driver (autodetected): hpdftex.
 (/home/mohamed/.miktex/texmfs/install/tex/latex/hyperref/hpdftex.def
File: hpdftex.def 2024-11-05 v7.01l Hyperref driver for pdfTeX

(/home/mohamed/.miktex/texmfs/install/tex/latex/base/atveryend-ltx.sty
Package: atveryend-ltx 2020/08/19 v1.0a Emulation of the original atveryend pac
kage
with kernel methods
)
\Fld@listcount=\count316
\c@bookmark@seq@number=\count317

(/home/mohamed/.miktex/texmfs/install/tex/latex/rerunfilecheck/rerunfilecheck.s
ty
Package: rerunfilecheck 2022-07-10 v1.10 Rerun checks for auxiliary files (HO)

(/home/mohamed/.miktex/texmfs/install/tex/generic/uniquecounter/uniquecounter.s
ty
Package: uniquecounter 2019/12/15 v1.4 Provide unlimited unique counter (HO)
)
Package uniquecounter Info: New unique counter `rerunfilecheck' on input line 2
85.
))
(/home/mohamed/.miktex/texmfs/install/tex/latex/beamer/beamerbaserequires.sty
(/home/mohamed/.miktex/texmfs/install/tex/latex/beamer/beamerbasecompatibility.
sty) (/home/mohamed/.miktex/texmfs/install/tex/latex/beamer/beamerbasefont.sty
(/home/mohamed/.miktex/texmfs/install/tex/latex/amsfonts/amssymb.sty
Package: amssymb 2013/01/14 v3.01 AMS font symbols

(/home/mohamed/.miktex/texmfs/install/tex/latex/amsfonts/amsfonts.sty
Package: amsfonts 2013/01/14 v3.01 Basic AMSFonts support
\@emptytoks=\toks29
\symAMSa=\mathgroup4
\symAMSb=\mathgroup5
LaTeX Font Info:    Redeclaring math symbol \hbar on input line 98.
LaTeX Font Info:    Overwriting math alphabet `\mathfrak' in version `bold'
(Font)                  U/euf/m/n --> U/euf/b/n on input line 106.
))
(/home/mohamed/.miktex/texmfs/install/tex/latex/sansmathaccent/sansmathaccent.s
ty
Package: sansmathaccent 2020/01/31
 (/home/mohamed/.miktex/texmfs/install/tex/latex/koma-script/scrlfile.sty
Package: scrlfile 2024/10/24 v3.43 KOMA-Script package (file load hooks)

(/home/mohamed/.miktex/texmfs/install/tex/latex/koma-script/scrlfile-hook.sty
Package: scrlfile-hook 2024/10/24 v3.43 KOMA-Script package (using LaTeX hooks)


(/home/mohamed/.miktex/texmfs/install/tex/latex/koma-script/scrlogo.sty
Package: scrlogo 2024/10/24 v3.43 KOMA-Script package (logo)
)))))
(/home/mohamed/.miktex/texmfs/install/tex/latex/beamer/beamerbasetranslator.sty
(/home/mohamed/.miktex/texmfs/install/tex/latex/translator/translator.sty
Package: translator 2021-05-31 v1.12d Easy translation of strings in LaTeX
))
(/home/mohamed/.miktex/texmfs/install/tex/latex/beamer/beamerbasemisc.sty)
(/home/mohamed/.miktex/texmfs/install/tex/latex/beamer/beamerbasetwoscreens.sty
) (/home/mohamed/.miktex/texmfs/install/tex/latex/beamer/beamerbaseoverlay.sty
\beamer@argscount=\count318
\beamer@lastskipcover=\skip52
\beamer@trivlistdepth=\count319
) (/home/mohamed/.miktex/texmfs/install/tex/latex/beamer/beamerbasetitle.sty)
(/home/mohamed/.miktex/texmfs/install/tex/latex/beamer/beamerbasesection.sty
\c@lecture=\count320
\c@part=\count321
\c@section=\count322
\c@subsection=\count323
\c@subsubsection=\count324
)
(/home/mohamed/.miktex/texmfs/install/tex/latex/beamer/beamerbaseframe.sty
\beamer@framebox=\box67
\beamer@frametitlebox=\box68
\beamer@zoombox=\box69
\beamer@zoomcount=\count325
\beamer@zoomframecount=\count326
\beamer@frametextheight=\dimen272
\c@subsectionslide=\count327
\beamer@frametopskip=\skip53
\beamer@framebottomskip=\skip54
\beamer@frametopskipautobreak=\skip55
\beamer@framebottomskipautobreak=\skip56
\beamer@envbody=\toks30
\framewidth=\dimen273
\c@framenumber=\count328
)
(/home/mohamed/.miktex/texmfs/install/tex/latex/beamer/beamerbaseverbatim.sty
\beamer@verbatimfileout=\write4
)
(/home/mohamed/.miktex/texmfs/install/tex/latex/beamer/beamerbaseframesize.sty
\beamer@splitbox=\box70
\beamer@autobreakcount=\count329
\beamer@autobreaklastheight=\dimen274
\beamer@frametitletoks=\toks31
\beamer@framesubtitletoks=\toks32
)
(/home/mohamed/.miktex/texmfs/install/tex/latex/beamer/beamerbaseframecomponent
s.sty
\beamer@footins=\box71
)
(/home/mohamed/.miktex/texmfs/install/tex/latex/beamer/beamerbasecolor.sty)
(/home/mohamed/.miktex/texmfs/install/tex/latex/beamer/beamerbasenotes.sty
\beamer@frameboxcopy=\box72
)
(/home/mohamed/.miktex/texmfs/install/tex/latex/beamer/beamerbasetoc.sty)
(/home/mohamed/.miktex/texmfs/install/tex/latex/beamer/beamerbasetemplates.sty
\beamer@sbttoks=\toks33

(/home/mohamed/.miktex/texmfs/install/tex/latex/beamer/beamerbaseauxtemplates.s
ty (/home/mohamed/.miktex/texmfs/install/tex/latex/beamer/beamerbaseboxes.sty
\bmb@box=\box73
\bmb@colorbox=\box74
\bmb@boxwidth=\dimen275
\bmb@boxheight=\dimen276
\bmb@prevheight=\dimen277
\bmb@temp=\dimen278
\bmb@dima=\dimen279
\bmb@dimb=\dimen280
\bmb@prevheight=\dimen281
)
\beamer@blockheadheight=\dimen282
))
(/home/mohamed/.miktex/texmfs/install/tex/latex/beamer/beamerbaselocalstructure
.sty (/home/mohamed/.miktex/texmfs/install/tex/latex/tools/enumerate.sty
Package: enumerate 2023/07/04 v3.00 enumerate extensions (DPC)
\@enLab=\toks34
)
\beamer@bibiconwidth=\skip57
\c@figure=\count330
\c@table=\count331
\abovecaptionskip=\skip58
\belowcaptionskip=\skip59
)
(/home/mohamed/.miktex/texmfs/install/tex/latex/beamer/beamerbasenavigation.sty

(/home/mohamed/.miktex/texmfs/install/tex/latex/beamer/beamerbasenavigationsymb
ols.tex)
\beamer@section@min@dim=\dimen283
)
(/home/mohamed/.miktex/texmfs/install/tex/latex/beamer/beamerbasetheorems.sty
(/home/mohamed/.miktex/texmfs/install/tex/latex/amsmath/amsmath.sty
Package: amsmath 2024/11/05 v2.17t AMS math features
\@mathmargin=\skip60

For additional information on amsmath, use the `?' option.
(/home/mohamed/.miktex/texmfs/install/tex/latex/amsmath/amstext.sty
Package: amstext 2021/08/26 v2.01 AMS text

(/home/mohamed/.miktex/texmfs/install/tex/latex/amsmath/amsgen.sty
File: amsgen.sty 1999/11/30 v2.0 generic functions
\@emptytoks=\toks35
\ex@=\dimen284
))
(/home/mohamed/.miktex/texmfs/install/tex/latex/amsmath/amsbsy.sty
Package: amsbsy 1999/11/29 v1.2d Bold Symbols
\pmbraise@=\dimen285
)
(/home/mohamed/.miktex/texmfs/install/tex/latex/amsmath/amsopn.sty
Package: amsopn 2022/04/08 v2.04 operator names
)
\inf@bad=\count332
LaTeX Info: Redefining \frac on input line 233.
\uproot@=\count333
\leftroot@=\count334
LaTeX Info: Redefining \overline on input line 398.
LaTeX Info: Redefining \colon on input line 409.
\classnum@=\count335
\DOTSCASE@=\count336
LaTeX Info: Redefining \ldots on input line 495.
LaTeX Info: Redefining \dots on input line 498.
LaTeX Info: Redefining \cdots on input line 619.
\Mathstrutbox@=\box75
\strutbox@=\box76
LaTeX Info: Redefining \big on input line 721.
LaTeX Info: Redefining \Big on input line 722.
LaTeX Info: Redefining \bigg on input line 723.
LaTeX Info: Redefining \Bigg on input line 724.
\big@size=\dimen286
LaTeX Font Info:    Redeclaring font encoding OML on input line 742.
LaTeX Font Info:    Redeclaring font encoding OMS on input line 743.
\macc@depth=\count337
LaTeX Info: Redefining \bmod on input line 904.
LaTeX Info: Redefining \pmod on input line 909.
LaTeX Info: Redefining \smash on input line 939.
LaTeX Info: Redefining \relbar on input line 969.
LaTeX Info: Redefining \Relbar on input line 970.
\c@MaxMatrixCols=\count338
\dotsspace@=\muskip18
\c@parentequation=\count339
\dspbrk@lvl=\count340
\tag@help=\toks36
\row@=\count341
\column@=\count342
\maxfields@=\count343
\andhelp@=\toks37
\eqnshift@=\dimen287
\alignsep@=\dimen288
\tagshift@=\dimen289
\tagwidth@=\dimen290
\totwidth@=\dimen291
\lineht@=\dimen292
\@envbody=\toks38
\multlinegap=\skip61
\multlinetaggap=\skip62
\mathdisplay@stack=\toks39
LaTeX Info: Redefining \[ on input line 2953.
LaTeX Info: Redefining \] on input line 2954.
)
(/home/mohamed/.miktex/texmfs/install/tex/latex/amscls/amsthm.sty
Package: amsthm 2020/05/29 v2.20.6
\thm@style=\toks40
\thm@bodyfont=\toks41
\thm@headfont=\toks42
\thm@notefont=\toks43
\thm@headpunct=\toks44
\thm@preskip=\skip63
\thm@postskip=\skip64
\thm@headsep=\skip65
\dth@everypar=\toks45
)
\c@theorem=\count344
)
(/home/mohamed/.miktex/texmfs/install/tex/latex/beamer/beamerbasethemes.sty))
(/home/mohamed/.miktex/texmfs/install/tex/latex/beamer/beamerthemedefault.sty
(/home/mohamed/.miktex/texmfs/install/tex/latex/beamer/beamerfontthemedefault.s
ty)
(/home/mohamed/.miktex/texmfs/install/tex/latex/beamer/beamercolorthemedefault.
sty)
(/home/mohamed/.miktex/texmfs/install/tex/latex/beamer/beamerinnerthemedefault.
sty
\beamer@dima=\dimen293
\beamer@dimb=\dimen294
)
(/home/mohamed/.miktex/texmfs/install/tex/latex/beamer/beamerouterthemedefault.
sty)))
(/home/mohamed/.miktex/texmfs/install/tex/latex/beamer/beamerthemeMadrid.sty
(/home/mohamed/.miktex/texmfs/install/tex/latex/beamer/beamercolorthemewhale.st
y)
(/home/mohamed/.miktex/texmfs/install/tex/latex/beamer/beamercolorthemeorchid.s
ty)
(/home/mohamed/.miktex/texmfs/install/tex/latex/beamer/beamerinnerthemerounded.
sty)
(/home/mohamed/.miktex/texmfs/install/tex/latex/beamer/beamerouterthemeinfoline
s.sty)) (/home/mohamed/.miktex/texmfs/install/tex/latex/base/inputenc.sty
Package: inputenc 2024/02/08 v1.3d Input encoding file
\inpenc@prehook=\toks46
\inpenc@posthook=\toks47
)
(/home/mohamed/.miktex/texmfs/install/tex/generic/babel/babel.sty
Package: babel 2024/11/08 v24.13 The multilingual framework for pdfLaTeX, LuaLa
TeX and XeLaTeX
\babel@savecnt=\count345
\U@D=\dimen295
\l@unhyphenated=\language1

(/home/mohamed/.miktex/texmfs/install/tex/generic/babel/txtbabel.def)
\bbl@readstream=\read3
LaTeX Info: Redefining \textlatin on input line 3835.
\bbl@dirlevel=\count346

*************************************
* Local config file bblopts.cfg used
*
(/home/mohamed/.miktex/texmfs/install/tex/latex/arabi/bblopts.cfg
File: bblopts.cfg 2005/09/08 v0.1 add Arabic and Farsi to "declared" options of
 babel
)
(/home/mohamed/.miktex/texmfs/install/tex/generic/babel-french/french.ldf
Language: french 2024-07-25 v3.6c French support from the babel system


Package babel Warning: No hyphenation patterns were preloaded for
(babel)                the language 'French' into the format.
(babel)                Please, configure your TeX system to add them and
(babel)                rebuild the format. Now I will use the patterns
(babel)                preloaded for \language=nohyphenation instead on input l
ine 87.

\FB@stdchar=\count347
Package babel Info: Making : an active character on input line 421.
Package babel Info: Making ; an active character on input line 422.
Package babel Info: Making ! an active character on input line 423.
Package babel Info: Making ? an active character on input line 424.
\FBguill@level=\count348
\FBold@everypar=\toks48
\FB@Mht=\dimen296
\mc@charclass=\count349
\mc@charfam=\count350
\mc@charslot=\count351
\std@mcc=\count352
\dec@mcc=\count353
\FB@parskip=\dimen297
\listindentFB=\dimen298
\descindentFB=\dimen299
\labelindentFB=\dimen300
\labelwidthFB=\dimen301
\leftmarginFB=\dimen302
\parindentFFN=\dimen303
\FBfnindent=\dimen304
))
(/home/mohamed/.miktex/texmfs/install/tex/generic/babel/locale/fr/babel-french.
tex
Package babel Info: Importing font and identification data for french
(babel)             from babel-fr.ini. Reported on input line 11.
) (/home/mohamed/.miktex/texmfs/install/tex/latex/carlisle/scalefnt.sty)
Package french.ldf Info: No list customisation for the beamer class,
(french.ldf)             reported on input line 10.

(/home/mohamed/.miktex/texmfs/install/tex/latex/pgfplots/pgfplots.sty
(/home/mohamed/.miktex/texmfs/install/tex/generic/pgfplots/pgfplots.revision.te
x)
Package: pgfplots 2021/05/15 v1.18.1 Data Visualization (1.18.1)
 (/home/mohamed/.miktex/texmfs/install/tex/latex/pgf/frontendlayer/tikz.sty
(/home/mohamed/.miktex/texmfs/install/tex/latex/pgf/basiclayer/pgf.sty
Package: pgf 2023-01-15 v3.1.10 (3.1.10)

(/home/mohamed/.miktex/texmfs/install/tex/generic/pgf/modules/pgfmoduleshapes.c
ode.tex
File: pgfmoduleshapes.code.tex 2023-01-15 v3.1.10 (3.1.10)
\pgfnodeparttextbox=\box77
)
(/home/mohamed/.miktex/texmfs/install/tex/generic/pgf/modules/pgfmoduleplot.cod
e.tex
File: pgfmoduleplot.code.tex 2023-01-15 v3.1.10 (3.1.10)
)
(/home/mohamed/.miktex/texmfs/install/tex/latex/pgf/compatibility/pgfcomp-versi
on-0-65.sty
Package: pgfcomp-version-0-65 2023-01-15 v3.1.10 (3.1.10)
\pgf@nodesepstart=\dimen305
\pgf@nodesepend=\dimen306
)
(/home/mohamed/.miktex/texmfs/install/tex/latex/pgf/compatibility/pgfcomp-versi
on-1-18.sty
Package: pgfcomp-version-1-18 2023-01-15 v3.1.10 (3.1.10)
))
(/home/mohamed/.miktex/texmfs/install/tex/latex/pgf/utilities/pgffor.sty
(/home/mohamed/.miktex/texmfs/install/tex/generic/pgf/utilities/pgffor.code.tex
Package: pgffor 2023-01-15 v3.1.10 (3.1.10)
\pgffor@iter=\dimen307
\pgffor@skip=\dimen308
\pgffor@stack=\toks49
\pgffor@toks=\toks50
))
(/home/mohamed/.miktex/texmfs/install/tex/generic/pgf/frontendlayer/tikz/tikz.c
ode.tex
Package: tikz 2023-01-15 v3.1.10 (3.1.10)

(/home/mohamed/.miktex/texmfs/install/tex/generic/pgf/libraries/pgflibraryploth
andlers.code.tex
File: pgflibraryplothandlers.code.tex 2023-01-15 v3.1.10 (3.1.10)
\pgf@plot@mark@count=\count354
\pgfplotmarksize=\dimen309
)
\tikz@lastx=\dimen310
\tikz@lasty=\dimen311
\tikz@lastxsaved=\dimen312
\tikz@lastysaved=\dimen313
\tikz@lastmovetox=\dimen314
\tikz@lastmovetoy=\dimen315
\tikzleveldistance=\dimen316
\tikzsiblingdistance=\dimen317
\tikz@figbox=\box78
\tikz@figbox@bg=\box79
\tikz@tempbox=\box80
\tikz@tempbox@bg=\box81
\tikztreelevel=\count355
\tikznumberofchildren=\count356
\tikznumberofcurrentchild=\count357
\tikz@fig@count=\count358

(/home/mohamed/.miktex/texmfs/install/tex/generic/pgf/modules/pgfmodulematrix.c
ode.tex
File: pgfmodulematrix.code.tex 2023-01-15 v3.1.10 (3.1.10)
\pgfmatrixcurrentrow=\count359
\pgfmatrixcurrentcolumn=\count360
\pgf@matrix@numberofcolumns=\count361
)
\tikz@expandcount=\count362

(/home/mohamed/.miktex/texmfs/install/tex/generic/pgf/frontendlayer/tikz/librar
ies/tikzlibrarytopaths.code.tex
File: tikzlibrarytopaths.code.tex 2023-01-15 v3.1.10 (3.1.10)
)))
(/home/mohamed/.miktex/texmfs/install/tex/generic/pgfplots/pgfplots.code.tex
(/home/mohamed/.miktex/texmfs/install/tex/generic/pgfplots/pgfplotscore.code.te
x
\t@pgfplots@toka=\toks51
\t@pgfplots@tokb=\toks52
\t@pgfplots@tokc=\toks53
\pgfplots@tmpa=\dimen318
\c@pgfplots@coordindex=\count363
\c@pgfplots@scanlineindex=\count364

(/home/mohamed/.miktex/texmfs/install/tex/generic/pgfplots/sys/pgfplotssysgener
ic.code.tex))
(/home/mohamed/.miktex/texmfs/install/tex/generic/pgfplots/libs/pgfplotslibrary
.code.tex)
(/home/mohamed/.miktex/texmfs/install/tex/generic/pgfplots/oldpgfcompatib/pgfpl
otsoldpgfsupp_loader.code.tex
(/home/mohamed/.miktex/texmfs/install/tex/generic/pgf/libraries/pgflibraryfpu.c
ode.tex)
Package pgfplots: loading complementary utilities for your pgf version...
\t@pgf@toka=\toks54
\t@pgf@tokb=\toks55
\t@pgf@tokc=\toks56

(/home/mohamed/.miktex/texmfs/install/tex/generic/pgfplots/oldpgfcompatib/pgfpl
otsoldpgfsupp_pgfutil-common-lists.tex))
(/home/mohamed/.miktex/texmfs/install/tex/generic/pgfplots/util/pgfplotsutil.co
de.tex
(/home/mohamed/.miktex/texmfs/install/tex/generic/pgfplots/liststructure/pgfplo
tsliststructure.code.tex)
(/home/mohamed/.miktex/texmfs/install/tex/generic/pgfplots/liststructure/pgfplo
tsliststructureext.code.tex)
(/home/mohamed/.miktex/texmfs/install/tex/generic/pgfplots/liststructure/pgfplo
tsarray.code.tex
\c@pgfplotsarray@tmp=\count365
)
(/home/mohamed/.miktex/texmfs/install/tex/generic/pgfplots/liststructure/pgfplo
tsmatrix.code.tex)
(/home/mohamed/.miktex/texmfs/install/tex/generic/pgfplots/numtable/pgfplotstab
leshared.code.tex
\c@pgfplotstable@counta=\count366
\t@pgfplotstable@a=\toks57
)
(/home/mohamed/.miktex/texmfs/install/tex/generic/pgfplots/liststructure/pgfplo
tsdeque.code.tex)
(/home/mohamed/.miktex/texmfs/install/tex/generic/pgfplots/util/pgfplotsbinary.
code.tex
(/home/mohamed/.miktex/texmfs/install/tex/generic/pgfplots/util/pgfplotsbinary.
data.code.tex))
(/home/mohamed/.miktex/texmfs/install/tex/generic/pgfplots/util/pgfplotsutil.ve
rb.code.tex)
(/home/mohamed/.miktex/texmfs/install/tex/generic/pgfplots/libs/pgflibrarypgfpl
ots.surfshading.code.tex
\c@pgfplotslibrarysurf@no=\count367

(/home/mohamed/.miktex/texmfs/install/tex/generic/pgfplots/sys/pgflibrarypgfplo
ts.surfshading.pgfsys-pdftex.def)))
(/home/mohamed/.miktex/texmfs/install/tex/generic/pgfplots/util/pgfplotscolorma
p.code.tex
(/home/mohamed/.miktex/texmfs/install/tex/generic/pgfplots/util/pgfplotscolor.c
ode.tex))
(/home/mohamed/.miktex/texmfs/install/tex/generic/pgfplots/pgfplotsstackedplots
.code.tex)
(/home/mohamed/.miktex/texmfs/install/tex/generic/pgfplots/pgfplotsplothandlers
.code.tex
(/home/mohamed/.miktex/texmfs/install/tex/generic/pgfplots/pgfplotsmeshplothand
ler.code.tex
(/home/mohamed/.miktex/texmfs/install/tex/generic/pgfplots/pgfplotsmeshplotimag
e.code.tex)))
(/home/mohamed/.miktex/texmfs/install/tex/generic/pgfplots/pgfplots.scaling.cod
e.tex)
(/home/mohamed/.miktex/texmfs/install/tex/generic/pgfplots/pgfplotscoordprocess
ing.code.tex)
(/home/mohamed/.miktex/texmfs/install/tex/generic/pgfplots/pgfplots.errorbars.c
ode.tex)
(/home/mohamed/.miktex/texmfs/install/tex/generic/pgfplots/pgfplots.markers.cod
e.tex)
(/home/mohamed/.miktex/texmfs/install/tex/generic/pgfplots/pgfplotsticks.code.t
ex)
(/home/mohamed/.miktex/texmfs/install/tex/generic/pgfplots/pgfplots.paths.code.
tex)
(/home/mohamed/.miktex/texmfs/install/tex/generic/pgf/frontendlayer/tikz/librar
ies/tikzlibrarydecorations.code.tex
(/home/mohamed/.miktex/texmfs/install/tex/generic/pgf/modules/pgfmoduledecorati
ons.code.tex
\pgfdecoratedcompleteddistance=\dimen319
\pgfdecoratedremainingdistance=\dimen320
\pgfdecoratedinputsegmentcompleteddistance=\dimen321
\pgfdecoratedinputsegmentremainingdistance=\dimen322
\pgf@decorate@distancetomove=\dimen323
\pgf@decorate@repeatstate=\count368
\pgfdecorationsegmentamplitude=\dimen324
\pgfdecorationsegmentlength=\dimen325
)
\tikz@lib@dec@box=\box82
)
(/home/mohamed/.miktex/texmfs/install/tex/generic/pgf/frontendlayer/tikz/librar
ies/tikzlibrarydecorations.pathmorphing.code.tex
(/home/mohamed/.miktex/texmfs/install/tex/generic/pgf/libraries/decorations/pgf
librarydecorations.pathmorphing.code.tex))
(/home/mohamed/.miktex/texmfs/install/tex/generic/pgf/frontendlayer/tikz/librar
ies/tikzlibrarydecorations.pathreplacing.code.tex
(/home/mohamed/.miktex/texmfs/install/tex/generic/pgf/libraries/decorations/pgf
librarydecorations.pathreplacing.code.tex))
(/home/mohamed/.miktex/texmfs/install/tex/generic/pgfplots/libs/tikzlibrarypgfp
lots.contourlua.code.tex)
\pgfplots@numplots=\count369
\pgfplots@xmin@reg=\dimen326
\pgfplots@xmax@reg=\dimen327
\pgfplots@ymin@reg=\dimen328
\pgfplots@ymax@reg=\dimen329
\pgfplots@zmin@reg=\dimen330
\pgfplots@zmax@reg=\dimen331
)
(/home/mohamed/.miktex/texmfs/install/tex/generic/pgf/frontendlayer/tikz/librar
ies/tikzlibraryplotmarks.code.tex
File: tikzlibraryplotmarks.code.tex 2023-01-15 v3.1.10 (3.1.10)

(/home/mohamed/.miktex/texmfs/install/tex/generic/pgf/libraries/pgflibraryplotm
arks.code.tex
File: pgflibraryplotmarks.code.tex 2023-01-15 v3.1.10 (3.1.10)
)))
(/home/mohamed/.miktex/texmfs/install/tex/latex/caption/caption.sty
Package: caption 2023/08/05 v3.6o Customizing captions (AR)

(/home/mohamed/.miktex/texmfs/install/tex/latex/caption/caption3.sty
Package: caption3 2023/07/31 v2.4d caption3 kernel (AR)
\caption@tempdima=\dimen332
\captionmargin=\dimen333
\caption@leftmargin=\dimen334
\caption@rightmargin=\dimen335
\caption@width=\dimen336
\caption@indent=\dimen337
\caption@parindent=\dimen338
\caption@hangindent=\dimen339
Package caption Info: beamer document class detected.
Package caption Info: french babel package is loaded.

(/home/mohamed/.miktex/texmfs/install/tex/latex/caption/caption-beamer.sto
File: caption-beamer.sto 2022/01/06 v2.0c Adaption of the caption package to th
e beamer document classes (AR)
))
\c@caption@flags=\count370
\c@continuedfloat=\count371
Package caption Info: hyperref package is loaded.
Package caption Info: Hyperref support is turned off
(caption)             because hyperref has stopped early.
)
(/home/mohamed/.miktex/texmfs/install/tex/latex/blindtext/blindtext.sty
Package: blindtext 2012/01/06 V2.0 blindtext-Package

(/home/mohamed/.miktex/texmfs/install/tex/latex/tools/xspace.sty
Package: xspace 2014/10/28 v1.13 Space after command names (DPC,MH)
)
\c@blindtext=\count372
\c@Blindtext=\count373
\c@blind@countparstart=\count374
\blind@countxx=\count375
\blindtext@numBlindtext=\count376
\blind@countyy=\count377
\c@blindlist=\count378
\c@blindlistlevel=\count379
\c@blindlist@level=\count380
\blind@listitem=\count381
\c@blind@listcount=\count382
\c@blind@levelcount=\count383
\blind@mathformula=\count384
\blind@Mathformula=\count385
\c@blind@randomcount=\count386
\c@blind@randommax=\count387
\c@blind@pangramcount=\count388
\c@blind@pangrammax=\count389
)
(/home/mohamed/.miktex/texmfs/install/tex/latex/tools/multicol.sty
Package: multicol 2024/09/14 v1.9i multicolumn formatting (FMi)
\c@tracingmulticols=\count390
\mult@box=\box83
\multicol@leftmargin=\dimen340
\c@unbalance=\count391
\c@collectmore=\count392
\doublecol@number=\count393
\multicoltolerance=\count394
\multicolpretolerance=\count395
\full@width=\dimen341
\page@free=\dimen342
\premulticols=\dimen343
\postmulticols=\dimen344
\multicolsep=\skip66
\multicolbaselineskip=\skip67
\partial@page=\box84
\last@line=\box85
\mc@boxedresult=\box86
\maxbalancingoverflow=\dimen345
\mult@rightbox=\box87
\mult@grightbox=\box88
\mult@firstbox=\box89
\mult@gfirstbox=\box90
\@tempa=\box91
\@tempa=\box92
\@tempa=\box93
\@tempa=\box94
\@tempa=\box95
\@tempa=\box96
\@tempa=\box97
\@tempa=\box98
\@tempa=\box99
\@tempa=\box100
\@tempa=\box101
\@tempa=\box102
\@tempa=\box103
\@tempa=\box104
\@tempa=\box105
\@tempa=\box106
\@tempa=\box107
\@tempa=\box108
\@tempa=\box109
\@tempa=\box110
\@tempa=\box111
\@tempa=\box112
\@tempa=\box113
\@tempa=\box114
\@tempa=\box115
\@tempa=\box116
\@tempa=\box117
\@tempa=\box118
\@tempa=\box119
\@tempa=\box120
\@tempa=\box121
\@tempa=\box122
\@tempa=\box123
\@tempa=\box124
\@tempa=\box125
\@tempa=\box126
\c@minrows=\count396
\c@columnbadness=\count397
\c@finalcolumnbadness=\count398
\last@try=\dimen346
\multicolovershoot=\dimen347
\multicolundershoot=\dimen348
\mult@nat@firstbox=\box127
\colbreak@box=\box128
\mc@col@check@num=\count399
)
(/home/mohamed/.miktex/texmfs/install/tex/latex/tools/array.sty
Package: array 2024/10/17 v2.6g Tabular extension package (FMi)
\col@sep=\dimen349
\ar@mcellbox=\box129
\extrarowheight=\dimen350
\NC@list=\toks58
\extratabsurround=\skip68
\backup@length=\skip69
\ar@cellbox=\box130
)
(/home/mohamed/.miktex/texmfs/install/tex/latex/colortbl/colortbl.sty
Package: colortbl 2024/07/06 v1.0i Color table columns (DPC)
\everycr=\toks59
\minrowclearance=\skip70
\rownum=\count400
)
(/home/mohamed/.miktex/texmfs/install/tex/latex/beamer/beamerouterthememinifram
es.sty)
(/home/mohamed/.miktex/texmfs/install/tex/latex/beamer/beamercolorthemestructur
e.sty)
(/home/mohamed/.miktex/texmfs/install/tex/latex/l3backend/l3backend-pdftex.def
File: l3backend-pdftex.def 2024-05-08 L3 backend support: PDF output (pdfTeX)
\l__color_backend_stack_int=\count401
\l__pdf_internal_box=\box131
) (main.aux

LaTeX Warning: Label `fig:spearman-correlation' multiply defined.


LaTeX Warning: Label `fig:rmse-heatmap' multiply defined.


LaTeX Warning: Label `fig:rsquared-heatmap' multiply defined.

)
\openout1 = `main.aux'.

LaTeX Font Info:    Checking defaults for OML/cmm/m/it on input line 46.
LaTeX Font Info:    ... okay on input line 46.
LaTeX Font Info:    Checking defaults for OMS/cmsy/m/n on input line 46.
LaTeX Font Info:    ... okay on input line 46.
LaTeX Font Info:    Checking defaults for OT1/cmr/m/n on input line 46.
LaTeX Font Info:    ... okay on input line 46.
LaTeX Font Info:    Checking defaults for T1/cmr/m/n on input line 46.
LaTeX Font Info:    ... okay on input line 46.
LaTeX Font Info:    Checking defaults for TS1/cmr/m/n on input line 46.
LaTeX Font Info:    ... okay on input line 46.
LaTeX Font Info:    Checking defaults for OMX/cmex/m/n on input line 46.
LaTeX Font Info:    ... okay on input line 46.
LaTeX Font Info:    Checking defaults for U/cmr/m/n on input line 46.
LaTeX Font Info:    ... okay on input line 46.
LaTeX Font Info:    Checking defaults for PD1/pdf/m/n on input line 46.
LaTeX Font Info:    ... okay on input line 46.
LaTeX Font Info:    Checking defaults for PU/pdf/m/n on input line 46.
LaTeX Font Info:    ... okay on input line 46.

*geometry* driver: auto-detecting
*geometry* detected driver: pdftex
*geometry* verbose mode - [ preamble ] result:
* driver: pdftex
* paper: custom
* layout: <same size as paper>
* layoutoffset:(h,v)=(0.0pt,0.0pt)
* modes: includehead includefoot 
* h-part:(L,W,R)=(10.95003pt, 342.2953pt, 10.95003pt)
* v-part:(T,H,B)=(0.0pt, 273.14662pt, 0.0pt)
* \paperwidth=364.19536pt
* \paperheight=273.14662pt
* \textwidth=342.2953pt
* \textheight=244.6939pt
* \oddsidemargin=-61.31996pt
* \evensidemargin=-61.31996pt
* \topmargin=-72.26999pt
* \headheight=14.22636pt
* \headsep=0.0pt
* \topskip=11.0pt
* \footskip=14.22636pt
* \marginparwidth=4.0pt
* \marginparsep=10.0pt
* \columnsep=10.0pt
* \skip\footins=10.0pt plus 4.0pt minus 2.0pt
* \hoffset=0.0pt
* \voffset=0.0pt
* \mag=1000
* \@twocolumnfalse
* \@twosidefalse
* \@mparswitchfalse
* \@reversemarginfalse
* (1in=72.27pt=25.4mm, 1cm=28.453pt)

(/home/mohamed/.miktex/texmfs/install/tex/context/base/mkii/supp-pdf.mkii
[Loading MPS to PDF converter (version 2006.09.02).]
\scratchcounter=\count402
\scratchdimen=\dimen351
\scratchbox=\box132
\nofMPsegments=\count403
\nofMParguments=\count404
\everyMPshowfont=\toks60
\MPscratchCnt=\count405
\MPscratchDim=\dimen352
\MPnumerator=\count406
\makeMPintoPDFobject=\count407
\everyMPtoPDFconversion=\toks61
)
(/home/mohamed/.miktex/texmfs/install/tex/latex/epstopdf-pkg/epstopdf-base.sty
Package: epstopdf-base 2020-01-24 v2.11 Base part for package epstopdf
Package epstopdf-base Info: Redefining graphics rule for `.eps' on input line 4
85.

(/home/mohamed/.miktex/texmfs/install/tex/latex/00miktex/epstopdf-sys.cfg
File: epstopdf-sys.cfg 2021/03/18 v2.0 Configuration of epstopdf for MiKTeX
))
Package hyperref Info: Link coloring OFF on input line 46.

(main.out) (main.out)
\@outlinefile=\write5
\openout5 = `main.out'.

LaTeX Font Info:    Overwriting symbol font `operators' in version `normal'
(Font)                  OT1/cmr/m/n --> OT1/cmss/m/n on input line 46.
LaTeX Font Info:    Overwriting symbol font `operators' in version `bold'
(Font)                  OT1/cmr/bx/n --> OT1/cmss/b/n on input line 46.
\symnumbers=\mathgroup6
\sympureletters=\mathgroup7
LaTeX Font Info:    Overwriting math alphabet `\mathrm' in version `normal'
(Font)                  OT1/cmss/m/n --> OT1/cmr/m/n on input line 46.
LaTeX Font Info:    Redeclaring math alphabet \mathbf on input line 46.
LaTeX Font Info:    Overwriting math alphabet `\mathbf' in version `normal'
(Font)                  OT1/cmr/bx/n --> OT1/cmss/b/n on input line 46.
LaTeX Font Info:    Overwriting math alphabet `\mathbf' in version `bold'
(Font)                  OT1/cmr/bx/n --> OT1/cmss/b/n on input line 46.
LaTeX Font Info:    Redeclaring math alphabet \mathsf on input line 46.
LaTeX Font Info:    Overwriting math alphabet `\mathsf' in version `normal'
(Font)                  OT1/cmss/m/n --> OT1/cmss/m/n on input line 46.
LaTeX Font Info:    Overwriting math alphabet `\mathsf' in version `bold'
(Font)                  OT1/cmss/bx/n --> OT1/cmss/m/n on input line 46.
LaTeX Font Info:    Redeclaring math alphabet \mathit on input line 46.
LaTeX Font Info:    Overwriting math alphabet `\mathit' in version `normal'
(Font)                  OT1/cmr/m/it --> OT1/cmss/m/it on input line 46.
LaTeX Font Info:    Overwriting math alphabet `\mathit' in version `bold'
(Font)                  OT1/cmr/bx/it --> OT1/cmss/m/it on input line 46.
LaTeX Font Info:    Redeclaring math alphabet \mathtt on input line 46.
LaTeX Font Info:    Overwriting math alphabet `\mathtt' in version `normal'
(Font)                  OT1/cmtt/m/n --> OT1/cmtt/m/n on input line 46.
LaTeX Font Info:    Overwriting math alphabet `\mathtt' in version `bold'
(Font)                  OT1/cmtt/m/n --> OT1/cmtt/m/n on input line 46.
LaTeX Font Info:    Overwriting symbol font `numbers' in version `bold'
(Font)                  OT1/cmss/m/n --> OT1/cmss/b/n on input line 46.
LaTeX Font Info:    Overwriting symbol font `pureletters' in version `bold'
(Font)                  OT1/cmss/m/it --> OT1/cmss/b/it on input line 46.
LaTeX Font Info:    Overwriting math alphabet `\mathrm' in version `bold'
(Font)                  OT1/cmss/b/n --> OT1/cmr/b/n on input line 46.
LaTeX Font Info:    Overwriting math alphabet `\mathbf' in version `bold'
(Font)                  OT1/cmss/b/n --> OT1/cmss/b/n on input line 46.
LaTeX Font Info:    Overwriting math alphabet `\mathsf' in version `bold'
(Font)                  OT1/cmss/m/n --> OT1/cmss/b/n on input line 46.
LaTeX Font Info:    Overwriting math alphabet `\mathit' in version `bold'
(Font)                  OT1/cmss/m/it --> OT1/cmss/b/it on input line 46.
LaTeX Font Info:    Overwriting math alphabet `\mathtt' in version `bold'
(Font)                  OT1/cmtt/m/n --> OT1/cmtt/b/n on input line 46.
LaTeX Font Info:    Redeclaring symbol font `pureletters' on input line 46.
LaTeX Font Info:    Overwriting symbol font `pureletters' in version `normal'
(Font)                  OT1/cmss/m/it --> OT1/mathkerncmss/m/sl on input line 4
6.
LaTeX Font Info:    Overwriting symbol font `pureletters' in version `bold'
(Font)                  OT1/cmss/b/it --> OT1/mathkerncmss/m/sl on input line 4
6.
LaTeX Font Info:    Overwriting symbol font `pureletters' in version `bold'
(Font)                  OT1/mathkerncmss/m/sl --> OT1/mathkerncmss/bx/sl on inp
ut line 46.

(/home/mohamed/.miktex/texmfs/install/tex/latex/translator/translator-basic-dic
tionary-English.dict
Dictionary: translator-basic-dictionary, Language: English 
)
(/home/mohamed/.miktex/texmfs/install/tex/latex/translator/translator-bibliogra
phy-dictionary-English.dict
Dictionary: translator-bibliography-dictionary, Language: English 
)
(/home/mohamed/.miktex/texmfs/install/tex/latex/translator/translator-environme
nt-dictionary-English.dict
Dictionary: translator-environment-dictionary, Language: English 
)
(/home/mohamed/.miktex/texmfs/install/tex/latex/translator/translator-months-di
ctionary-English.dict
Dictionary: translator-months-dictionary, Language: English 
)
(/home/mohamed/.miktex/texmfs/install/tex/latex/translator/translator-numbers-d
ictionary-English.dict
Dictionary: translator-numbers-dictionary, Language: English 
)
(/home/mohamed/.miktex/texmfs/install/tex/latex/translator/translator-theorem-d
ictionary-English.dict
Dictionary: translator-theorem-dictionary, Language: English 
)
LaTeX Info: Redefining \degres on input line 46.
LaTeX Info: Redefining \up on input line 46.


Package french.ldf Warning: OT1 encoding should not be used for French.
(french.ldf)                Add \usepackage[T1]{fontenc} to the preamble
(french.ldf)                of your document; reported on input line 46.

Package pgfplots notification 'compat/show suggested version=true': document ha
s been generated with the most recent feature set (\pgfplotsset{compat=1.18}).

Package caption Info: Begin \AtBeginDocument code.
Package caption Info: End \AtBeginDocument code.
(main.nav)
Overfull \hbox (2.5425pt too wide) in paragraph at lines 46--46
 [][]  \OT1/cmss/m/n/6 ([])  
 []


Overfull \hbox (2.5425pt too wide) in paragraph at lines 51--51
 [][]  \OT1/cmss/m/n/6 ([])  
 []

<ehtp.jpg, id=136, 225.84375pt x 225.84375pt>
File: ehtp.jpg Graphic file (type jpg)
<use ehtp.jpg>
Package pdftex.def Info: ehtp.jpg  used on input line 51.
(pdftex.def)             Requested size: 42.67912pt x 42.67642pt.
<logometeo.jpg, id=137, 210.7875pt x 248.93pt>
File: logometeo.jpg Graphic file (type jpg)
<use logometeo.jpg>
Package pdftex.def Info: logometeo.jpg  used on input line 51.
(pdftex.def)             Requested size: 28.45274pt x 33.6003pt.



Overfull \hbox (2.5425pt too wide) has occurred while \output is active
 [][]  \OT1/cmss/m/n/6 ([])  
 []

[1{/home/mohamed/.miktex/texmfs/data/fonts/map/pdftex/pdftex.map}

 <./ehtp.jpg> <./logometeo.jpg>]
Overfull \hbox (2.5425pt too wide) in paragraph at lines 55--55
 [][]  \OT1/cmss/m/n/6 ([])  
 []

(main.toc)


Overfull \hbox (2.5425pt too wide) has occurred while \output is active
 [][]  \OT1/cmss/m/n/6 ([])  
 []

[2

] (generalites.tex
Overfull \hbox (2.5425pt too wide) in paragraph at lines 9--9
 [][]  \OT1/cmss/m/n/6 ([])  
 []




Overfull \hbox (2.5425pt too wide) has occurred while \output is active
 [][]  \OT1/cmss/m/n/6 ([])  
 []

[3

]
Overfull \hbox (2.5425pt too wide) in paragraph at lines 21--21
 [][]  \OT1/cmss/m/n/6 ([])  
 []




Overfull \hbox (2.5425pt too wide) has occurred while \output is active
 [][]  \OT1/cmss/m/n/6 ([])  
 []

[4

]) (t2m.tex
Overfull \hbox (2.5425pt too wide) in paragraph at lines 17--17
 [][]  \OT1/cmss/m/n/6 ([])  
 []

LaTeX Font Info:    Trying to load font information for U+msa on input line 17.

(/home/mohamed/.miktex/texmfs/install/tex/latex/amsfonts/umsa.fd
File: umsa.fd 2013/01/14 v3.01 AMS symbols A
)
LaTeX Font Info:    Trying to load font information for U+msb on input line 17.


(/home/mohamed/.miktex/texmfs/install/tex/latex/amsfonts/umsb.fd
File: umsb.fd 2013/01/14 v3.01 AMS symbols B
)
LaTeX Font Info:    Trying to load font information for OT1+mathkerncmss on inp
ut line 17.

(/home/mohamed/.miktex/texmfs/install/tex/latex/sansmathaccent/ot1mathkerncmss.
fd
File: ot1mathkerncmss.fd 2020/01/31 Fontinst v1.933 font definitions for OT1/ma
thkerncmss.
)


Overfull \hbox (2.5425pt too wide) has occurred while \output is active
 [][]  \OT1/cmss/m/n/6 ([])  
 []

[5

]
Overfull \hbox (2.5425pt too wide) in paragraph at lines 29--29
 [][]  \OT1/cmss/m/n/6 ([])  
 []

<corr_T2M_ PERIOD.png, id=716, 2168.1pt x 1084.05pt>
File: corr_T2M_ PERIOD.png Graphic file (type png)
<use corr_T2M_ PERIOD.png>
Package pdftex.def Info: corr_T2M_ PERIOD.png  used on input line 29.
(pdftex.def)             Requested size: 342.2953pt x 171.13577pt.

Overfull \vbox (7.88591pt too high) detected at line 29
 []




Overfull \hbox (2.5425pt too wide) has occurred while \output is active
 [][]  \OT1/cmss/m/n/6 ([])  
 []

[6

 <./corr_T2M_ PERIOD.png>]
Overfull \hbox (2.5425pt too wide) in paragraph at lines 44--44
 [][]  \OT1/cmss/m/n/6 ([])  
 []




Overfull \hbox (2.5425pt too wide) has occurred while \output is active
 [][]  \OT1/cmss/m/n/6 ([])  
 []

[7

]
Overfull \hbox (2.5425pt too wide) in paragraph at lines 56--56
 [][]  \OT1/cmss/m/n/6 ([])  
 []

<rmse_T2M_ PERIOD.png, id=930, 2168.1pt x 1084.05pt>
File: rmse_T2M_ PERIOD.png Graphic file (type png)
<use rmse_T2M_ PERIOD.png>
Package pdftex.def Info: rmse_T2M_ PERIOD.png  used on input line 56.
(pdftex.def)             Requested size: 342.2953pt x 171.13577pt.

Overfull \vbox (7.88591pt too high) detected at line 56
 []




Overfull \hbox (2.5425pt too wide) has occurred while \output is active
 [][]  \OT1/cmss/m/n/6 ([])  
 []

[8

 <./rmse_T2M_ PERIOD.png>]
Overfull \hbox (2.5425pt too wide) in paragraph at lines 75--75
 [][]  \OT1/cmss/m/n/6 ([])  
 []

LaTeX Font Info:    Trying to load font information for TS1+cmss on input line 
75.
(/home/mohamed/.miktex/texmfs/install/tex/latex/base/ts1cmss.fd
File: ts1cmss.fd 2023/04/13 v2.5m Standard LaTeX font definitions
)


Overfull \hbox (2.5425pt too wide) has occurred while \output is active
 [][]  \OT1/cmss/m/n/6 ([])  
 []

[9

]
Overfull \hbox (2.5425pt too wide) in paragraph at lines 87--87
 [][]  \OT1/cmss/m/n/6 ([])  
 []

<rsquared_T2M_ PERIOD.png, id=1142, 2168.1pt x 1084.05pt>
File: rsquared_T2M_ PERIOD.png Graphic file (type png)
<use rsquared_T2M_ PERIOD.png>
Package pdftex.def Info: rsquared_T2M_ PERIOD.png  used on input line 87.
(pdftex.def)             Requested size: 342.2953pt x 171.13577pt.

Overfull \vbox (7.88591pt too high) detected at line 87
 []




Overfull \hbox (2.5425pt too wide) has occurred while \output is active
 [][]  \OT1/cmss/m/n/6 ([])  
 []

[10

 <./rsquared_T2M_ PERIOD.png>]
Overfull \hbox (2.5425pt too wide) in paragraph at lines 104--104
 [][]  \OT1/cmss/m/n/6 ([])  
 []




Overfull \hbox (2.5425pt too wide) has occurred while \output is active
 [][]  \OT1/cmss/m/n/6 ([])  
 []

[11

]
Overfull \hbox (2.5425pt too wide) in paragraph at lines 114--114
 [][]  \OT1/cmss/m/n/6 ([])  
 []

<bs_T2M_lead_time.png, id=1355, 2168.1pt x 1084.05pt>
File: bs_T2M_lead_time.png Graphic file (type png)
<use bs_T2M_lead_time.png>
Package pdftex.def Info: bs_T2M_lead_time.png  used on input line 114.
(pdftex.def)             Requested size: 325.20097pt x 162.60048pt.

LaTeX Font Warning: Font shape `OT1/cmss/bx/it' undefined
(Font)              using `OT1/cmss/bx/n' instead on input line 114.




Overfull \hbox (2.5425pt too wide) has occurred while \output is active
 [][]  \OT1/cmss/m/n/6 ([])  
 []

[12

 <./bs_T2M_lead_time.png>]
Overfull \hbox (2.5425pt too wide) in paragraph at lines 129--129
 [][]  \OT1/cmss/m/n/6 ([])  
 []




Overfull \hbox (2.5425pt too wide) has occurred while \output is active
 [][]  \OT1/cmss/m/n/6 ([])  
 []

[13

]
Overfull \hbox (2.5425pt too wide) in paragraph at lines 149--149
 [][]  \OT1/cmss/m/n/6 ([])  
 []




Overfull \hbox (2.5425pt too wide) has occurred while \output is active
 [][]  \OT1/cmss/m/n/6 ([])  
 []

[14

]
Overfull \hbox (2.5425pt too wide) in paragraph at lines 159--159
 [][]  \OT1/cmss/m/n/6 ([])  
 []

<rps_T2M_ PERIOD.png, id=1672, 2168.1pt x 1084.05pt>
File: rps_T2M_ PERIOD.png Graphic file (type png)
<use rps_T2M_ PERIOD.png>
Package pdftex.def Info: rps_T2M_ PERIOD.png  used on input line 159.
(pdftex.def)             Requested size: 325.20097pt x 162.60048pt.



Overfull \hbox (2.5425pt too wide) has occurred while \output is active
 [][]  \OT1/cmss/m/n/6 ([])  
 []

[15

 <./rps_T2M_ PERIOD.png>]
Overfull \hbox (2.5425pt too wide) in paragraph at lines 176--176
 [][]  \OT1/cmss/m/n/6 ([])  
 []

<roc_T2M_category.png, id=1778, 2168.1pt x 1084.05pt>
File: roc_T2M_category.png Graphic file (type png)
<use roc_T2M_category.png>
Package pdftex.def Info: roc_T2M_category.png  used on input line 176.
(pdftex.def)             Requested size: 325.20097pt x 162.60048pt.



Overfull \hbox (2.5425pt too wide) has occurred while \output is active
 [][]  \OT1/cmss/m/n/6 ([])  
 []

[16

 <./roc_T2M_category.png>]
Overfull \hbox (2.5425pt too wide) in paragraph at lines 187--187
 [][]  \OT1/cmss/m/n/6 ([])  
 []

<roc_T2M_lead_time.png, id=1884, 2168.1pt x 1084.05pt>
File: roc_T2M_lead_time.png Graphic file (type png)
<use roc_T2M_lead_time.png>
Package pdftex.def Info: roc_T2M_lead_time.png  used on input line 187.
(pdftex.def)             Requested size: 325.20097pt x 162.60048pt.



Overfull \hbox (2.5425pt too wide) has occurred while \output is active
 [][]  \OT1/cmss/m/n/6 ([])  
 []

[17

 <./roc_T2M_lead_time.png>]
Overfull \hbox (2.5425pt too wide) in paragraph at lines 207--207
 [][]  \OT1/cmss/m/n/6 ([])  
 []




Overfull \hbox (2.5425pt too wide) has occurred while \output is active
 [][]  \OT1/cmss/m/n/6 ([])  
 []

[18

]
Overfull \hbox (2.5425pt too wide) in paragraph at lines 219--219
 [][]  \OT1/cmss/m/n/6 ([])  
 []

<rocss_T2M_category.png, id=2094, 2168.1pt x 1084.05pt>
File: rocss_T2M_category.png Graphic file (type png)
<use rocss_T2M_category.png>
Package pdftex.def Info: rocss_T2M_category.png  used on input line 219.
(pdftex.def)             Requested size: 325.20097pt x 162.60048pt.



Overfull \hbox (2.5425pt too wide) has occurred while \output is active
 [][]  \OT1/cmss/m/n/6 ([])  
 []

[19

 <./rocss_T2M_category.png>]
Overfull \hbox (2.5425pt too wide) in paragraph at lines 230--230
 [][]  \OT1/cmss/m/n/6 ([])  
 []

<rocss_T2M_lead_time.png, id=2201, 2168.1pt x 1084.05pt>
File: rocss_T2M_lead_time.png Graphic file (type png)
<use rocss_T2M_lead_time.png>
Package pdftex.def Info: rocss_T2M_lead_time.png  used on input line 230.
(pdftex.def)             Requested size: 325.20097pt x 162.60048pt.



Overfull \hbox (2.5425pt too wide) has occurred while \output is active
 [][]  \OT1/cmss/m/n/6 ([])  
 []

[20

 <./rocss_T2M_lead_time.png>]) (rr.tex
Overfull \hbox (2.5425pt too wide) in paragraph at lines 17--17
 [][]  \OT1/cmss/m/n/6 ([])  
 []




Overfull \hbox (2.5425pt too wide) has occurred while \output is active
 [][]  \OT1/cmss/m/n/6 ([])  
 []

[21

]
Overfull \hbox (2.5425pt too wide) in paragraph at lines 29--29
 [][]  \OT1/cmss/m/n/6 ([])  
 []

<corr_RR_ PERIOD.png, id=2411, 2168.1pt x 1084.05pt>
File: corr_RR_ PERIOD.png Graphic file (type png)
<use corr_RR_ PERIOD.png>
Package pdftex.def Info: corr_RR_ PERIOD.png  used on input line 29.
(pdftex.def)             Requested size: 342.2953pt x 171.13577pt.

pdfTeX warning (ext4): destination with the same identifier (name{fig:spearman-
correlation}) has been already used, duplicate ignored
<to be read again> 
                   \relax 
l.29 \end{frame}
                
Overfull \vbox (7.88591pt too high) detected at line 29
 []




Overfull \hbox (2.5425pt too wide) has occurred while \output is active
 [][]  \OT1/cmss/m/n/6 ([])  
 []

[22

 <./corr_RR_ PERIOD.png>]
Overfull \hbox (2.5425pt too wide) in paragraph at lines 44--44
 [][]  \OT1/cmss/m/n/6 ([])  
 []




Overfull \hbox (2.5425pt too wide) has occurred while \output is active
 [][]  \OT1/cmss/m/n/6 ([])  
 []

[23

]
Overfull \hbox (2.5425pt too wide) in paragraph at lines 56--56
 [][]  \OT1/cmss/m/n/6 ([])  
 []

<rmse_RR_ PERIOD.png, id=2621, 2168.1pt x 1084.05pt>
File: rmse_RR_ PERIOD.png Graphic file (type png)
<use rmse_RR_ PERIOD.png>
Package pdftex.def Info: rmse_RR_ PERIOD.png  used on input line 56.
(pdftex.def)             Requested size: 342.2953pt x 171.13577pt.

pdfTeX warning (ext4): destination with the same identifier (name{fig:rmse-heat
map}) has been already used, duplicate ignored
<to be read again> 
                   \relax 
l.56 \end{frame}
                
Overfull \vbox (7.88591pt too high) detected at line 56
 []




Overfull \hbox (2.5425pt too wide) has occurred while \output is active
 [][]  \OT1/cmss/m/n/6 ([])  
 []

[24

 <./rmse_RR_ PERIOD.png>]
Overfull \hbox (2.5425pt too wide) in paragraph at lines 75--75
 [][]  \OT1/cmss/m/n/6 ([])  
 []




Overfull \hbox (2.5425pt too wide) has occurred while \output is active
 [][]  \OT1/cmss/m/n/6 ([])  
 []

[25

]
Overfull \hbox (2.5425pt too wide) in paragraph at lines 87--87
 [][]  \OT1/cmss/m/n/6 ([])  
 []

<rsquared_RR_ PERIOD.png, id=2832, 2168.1pt x 1084.05pt>
File: rsquared_RR_ PERIOD.png Graphic file (type png)
<use rsquared_RR_ PERIOD.png>
Package pdftex.def Info: rsquared_RR_ PERIOD.png  used on input line 87.
(pdftex.def)             Requested size: 342.2953pt x 171.13577pt.

pdfTeX warning (ext4): destination with the same identifier (name{fig:rsquared-
heatmap}) has been already used, duplicate ignored
<to be read again> 
                   \relax 
l.87 \end{frame}
                
Overfull \vbox (7.88591pt too high) detected at line 87
 []




Overfull \hbox (2.5425pt too wide) has occurred while \output is active
 [][]  \OT1/cmss/m/n/6 ([])  
 []

[26

 <./rsquared_RR_ PERIOD.png>]
Overfull \hbox (2.5425pt too wide) in paragraph at lines 104--104
 [][]  \OT1/cmss/m/n/6 ([])  
 []




Overfull \hbox (2.5425pt too wide) has occurred while \output is active
 [][]  \OT1/cmss/m/n/6 ([])  
 []

[27

]
Overfull \hbox (2.5425pt too wide) in paragraph at lines 114--114
 [][]  \OT1/cmss/m/n/6 ([])  
 []

<bs_RR_lead_time.png, id=3042, 2168.1pt x 1084.05pt>
File: bs_RR_lead_time.png Graphic file (type png)
<use bs_RR_lead_time.png>
Package pdftex.def Info: bs_RR_lead_time.png  used on input line 114.
(pdftex.def)             Requested size: 325.20097pt x 162.60048pt.



Overfull \hbox (2.5425pt too wide) has occurred while \output is active
 [][]  \OT1/cmss/m/n/6 ([])  
 []

[28

 <./bs_RR_lead_time.png>]
Overfull \hbox (2.5425pt too wide) in paragraph at lines 129--129
 [][]  \OT1/cmss/m/n/6 ([])  
 []




Overfull \hbox (2.5425pt too wide) has occurred while \output is active
 [][]  \OT1/cmss/m/n/6 ([])  
 []

[29

]
Overfull \hbox (2.5425pt too wide) in paragraph at lines 149--149
 [][]  \OT1/cmss/m/n/6 ([])  
 []




Overfull \hbox (2.5425pt too wide) has occurred while \output is active
 [][]  \OT1/cmss/m/n/6 ([])  
 []

[30

]
Overfull \hbox (2.5425pt too wide) in paragraph at lines 159--159
 [][]  \OT1/cmss/m/n/6 ([])  
 []

<rps_RR_ PERIOD.png, id=3356, 2168.1pt x 1084.05pt>
File: rps_RR_ PERIOD.png Graphic file (type png)
<use rps_RR_ PERIOD.png>
Package pdftex.def Info: rps_RR_ PERIOD.png  used on input line 159.
(pdftex.def)             Requested size: 325.20097pt x 162.60048pt.



Overfull \hbox (2.5425pt too wide) has occurred while \output is active
 [][]  \OT1/cmss/m/n/6 ([])  
 []

[31

 <./rps_RR_ PERIOD.png>]
Overfull \hbox (2.5425pt too wide) in paragraph at lines 176--176
 [][]  \OT1/cmss/m/n/6 ([])  
 []

<roc_RR_category.png, id=3463, 2168.1pt x 1084.05pt>
File: roc_RR_category.png Graphic file (type png)
<use roc_RR_category.png>
Package pdftex.def Info: roc_RR_category.png  used on input line 176.
(pdftex.def)             Requested size: 325.20097pt x 162.60048pt.



Overfull \hbox (2.5425pt too wide) has occurred while \output is active
 [][]  \OT1/cmss/m/n/6 ([])  
 []

[32

 <./roc_RR_category.png>]
Overfull \hbox (2.5425pt too wide) in paragraph at lines 187--187
 [][]  \OT1/cmss/m/n/6 ([])  
 []

<roc_RR_lead_time.png, id=3569, 2168.1pt x 1084.05pt>
File: roc_RR_lead_time.png Graphic file (type png)
<use roc_RR_lead_time.png>
Package pdftex.def Info: roc_RR_lead_time.png  used on input line 187.
(pdftex.def)             Requested size: 325.20097pt x 162.60048pt.



Overfull \hbox (2.5425pt too wide) has occurred while \output is active
 [][]  \OT1/cmss/m/n/6 ([])  
 []

[33

 <./roc_RR_lead_time.png>]
Overfull \hbox (2.5425pt too wide) in paragraph at lines 207--207
 [][]  \OT1/cmss/m/n/6 ([])  
 []




Overfull \hbox (2.5425pt too wide) has occurred while \output is active
 [][]  \OT1/cmss/m/n/6 ([])  
 []

[34

]
Overfull \hbox (2.5425pt too wide) in paragraph at lines 219--219
 [][]  \OT1/cmss/m/n/6 ([])  
 []

<rocss_RR_category.png, id=3779, 2168.1pt x 1084.05pt>
File: rocss_RR_category.png Graphic file (type png)
<use rocss_RR_category.png>
Package pdftex.def Info: rocss_RR_category.png  used on input line 219.
(pdftex.def)             Requested size: 325.20097pt x 162.60048pt.



Overfull \hbox (2.5425pt too wide) has occurred while \output is active
 [][]  \OT1/cmss/m/n/6 ([])  
 []

[35

 <./rocss_RR_category.png>]
Overfull \hbox (2.5425pt too wide) in paragraph at lines 230--230
 [][]  \OT1/cmss/m/n/6 ([])  
 []

<rocss_RR_lead_time.png, id=3885, 2168.1pt x 1084.05pt>
File: rocss_RR_lead_time.png Graphic file (type png)
<use rocss_RR_lead_time.png>
Package pdftex.def Info: rocss_RR_lead_time.png  used on input line 230.
(pdftex.def)             Requested size: 325.20097pt x 162.60048pt.



Overfull \hbox (2.5425pt too wide) has occurred while \output is active
 [][]  \OT1/cmss/m/n/6 ([])  
 []

[36

 <./rocss_RR_lead_time.png>]) (conclusion.tex
Overfull \hbox (2.5425pt too wide) in paragraph at lines 7--7
 [][]  \OT1/cmss/m/n/6 ([])  
 []




Overfull \hbox (2.5425pt too wide) has occurred while \output is active
 [][]  \OT1/cmss/m/n/6 ([])  
 []

[37

])
\tf@nav=\write6
\openout6 = `main.nav'.

\tf@toc=\write7
\openout7 = `main.toc'.

\tf@snm=\write8
\openout8 = `main.snm'.

 (main.aux)
 ***********
LaTeX2e <2024-11-01>
L3 programming layer <2024-11-02>
 ***********


LaTeX Font Warning: Some font shapes were not available, defaults substituted.


LaTeX Warning: There were multiply-defined labels.

Package rerunfilecheck Info: File `main.out' has not changed.
(rerunfilecheck)             Checksum: 47AC7D8F9A5014A873EB12B3DBCB0246;1196.
 ) 
Here is how much of TeX's memory you used:
 39066 strings out of 475617
 919317 string characters out of 5770827
 1409466 words of memory out of 5000000
 61117 multiletter control sequences out of 15000+600000
 566575 words of font info for 66 fonts, out of 8000000 for 9000
 0 hyphenation exceptions out of 8191
 128i,19n,123p,758b,810s stack positions out of 10000i,1000n,20000p,200000b,200000s
 </home/mohamed/.miktex/texmfs/data/fonts/pk/ljfour/jknappen/ec/dpi600/tcss10
00.pk> </home/mohamed/.miktex/texmfs/data/fonts/pk/ljfour/jknappen/ec/dpi600/tc
ss0900.pk></home/mohamed/.miktex/texmfs/install/fonts/type1/public/amsfonts/cm/
cmex10.pfb></home/mohamed/.miktex/texmfs/install/fonts/type1/public/amsfonts/cm
/cmmi10.pfb></home/mohamed/.miktex/texmfs/install/fonts/type1/public/amsfonts/c
m/cmmi8.pfb></home/mohamed/.miktex/texmfs/install/fonts/type1/public/amsfonts/c
m/cmss10.pfb></home/mohamed/.miktex/texmfs/install/fonts/type1/public/amsfonts/
cm/cmss12.pfb></home/mohamed/.miktex/texmfs/install/fonts/type1/public/amsfonts
/cm/cmss8.pfb></home/mohamed/.miktex/texmfs/install/fonts/type1/public/amsfonts
/cm/cmss9.pfb></home/mohamed/.miktex/texmfs/install/fonts/type1/public/amsfonts
/cm/cmssbx10.pfb></home/mohamed/.miktex/texmfs/install/fonts/type1/public/amsfo
nts/cm/cmssi10.pfb></home/mohamed/.miktex/texmfs/install/fonts/type1/public/ams
fonts/cm/cmssi8.pfb></home/mohamed/.miktex/texmfs/install/fonts/type1/public/am
sfonts/cm/cmsy10.pfb></home/mohamed/.miktex/texmfs/install/fonts/type1/public/a
msfonts/cm/cmsy8.pfb></home/mohamed/.miktex/texmfs/install/fonts/type1/public/a
msfonts/cm/cmtt10.pfb>
Output written on main.pdf (37 pages, 6266030 bytes).
PDF statistics:
 4144 PDF objects out of 4296 (max. 8388607)
 86 named destinations out of 1000 (max. 500000)
 255 words of extra memory for PDF output out of 10000 (max. 10000000)

